<?xml version="1.0" encoding="UTF-8"?>
<testng-results skipped="0" failed="0" ignored="0" total="1" passed="1">
  <reporter-output>
    <line>
      <![CDATA[About to begin executing Suite Suite]]>
    </line>
    <line>
      <![CDATA[About to begin executing Test Test]]>
    </line>
    <line>
      <![CDATA[About to begin executing following method : TestListener.main]]>
    </line>
    <line>
      <![CDATA[Completed executing following method : TestListener.main]]>
    </line>
    <line>
      <![CDATA[Test Method resides in utility.TestListener]]>
    </line>
    <line>
      <![CDATA[Test Status: Pass]]>
    </line>
  </reporter-output>
  <suite name="Suite" duration-ms="15415" started-at="2017-11-21T09:06:04Z" finished-at="2017-11-21T09:06:19Z">
    <groups>
    </groups>
    <test name="Test" duration-ms="15415" started-at="2017-11-21T09:06:04Z" finished-at="2017-11-21T09:06:19Z">
      <class name="utility.TestListener">
        <test-method status="PASS" signature="main()[pri:0, instance:utility.TestListener@babb1]" name="main" duration-ms="15387" started-at="2017-11-21T14:36:04Z" finished-at="2017-11-21T14:36:19Z">
          <reporter-output>
            <line>
              <![CDATA[About to begin executing following method : TestListener.main]]>
            </line>
            <line>
              <![CDATA[Completed executing following method : TestListener.main]]>
            </line>
            <line>
              <![CDATA[Test Method resides in utility.TestListener]]>
            </line>
            <line>
              <![CDATA[Test Status: Pass]]>
            </line>
          </reporter-output>
        </test-method> <!-- main -->
      </class> <!-- utility.TestListener -->
    </test> <!-- Test -->
  </suite> <!-- Suite -->
</testng-results>
